# JRE version: OpenJDK Runtime Environment AdoptOpenJDK (11.0.8+10) (build 11.0.8+10)
# Java VM: OpenJDK 64-Bit Server VM AdoptOpenJDK (11.0.8+10, mixed mode, tiered, compressed oops, g1 gc, windows-amd64)
Heap:
 garbage-first heap   total 262144K, used 43805K [0x0000000700800000, 0x0000000800000000)
  region size 1024K, 40 young (40960K), 3 survivors (3072K)
 Metaspace       used 32410K, capacity 33339K, committed 33536K, reserved 1079296K
  class space    used 3717K, capacity 4078K, committed 4096K, reserved 1048576K
GC Heap History (6 events):
Event: 0.487 GC heap before
{Heap before GC invocations=0 (full 0):
 garbage-first heap   total 262144K, used 23552K [0x0000000700800000, 0x0000000800000000)
  region size 1024K, 24 young (24576K), 0 survivors (0K)
 Metaspace       used 14587K, capacity 14865K, committed 14976K, reserved 1062912K
  class space    used 1487K, capacity 1628K, committed 1664K, reserved 1048576K
}
Event: 0.490 GC heap after
{Heap after GC invocations=1 (full 0):
 garbage-first heap   total 262144K, used 4409K [0x0000000700800000, 0x0000000800000000)
  region size 1024K, 3 young (3072K), 3 survivors (3072K)
 Metaspace       used 14587K, capacity 14865K, committed 14976K, reserved 1062912K
  class space    used 1487K, capacity 1628K, committed 1664K, reserved 1048576K
}
Event: 0.705 GC heap before
{Heap before GC invocations=1 (full 0):
 garbage-first heap   total 262144K, used 28985K [0x0000000700800000, 0x0000000800000000)
  region size 1024K, 28 young (28672K), 3 survivors (3072K)
 Metaspace       used 20665K, capacity 21129K, committed 21248K, reserved 1069056K
  class space    used 2248K, capacity 2467K, committed 2560K, reserved 1048576K
}
Event: 0.708 GC heap after
{Heap after GC invocations=2 (full 0):
 garbage-first heap   total 262144K, used 5808K [0x0000000700800000, 0x0000000800000000)
  region size 1024K, 5 young (5120K), 5 survivors (5120K)
 Metaspace       used 20665K, capacity 21129K, committed 21248K, reserved 1069056K
  class space    used 2248K, capacity 2467K, committed 2560K, reserved 1048576K
}
Event: 0.974 GC heap before
{Heap before GC invocations=3 (full 0):
 garbage-first heap   total 262144K, used 34480K [0x0000000700800000, 0x0000000800000000)
  region size 1024K, 33 young (33792K), 5 survivors (5120K)
 Metaspace       used 24848K, capacity 25497K, committed 25600K, reserved 1071104K
  class space    used 2807K, capacity 3046K, committed 3072K, reserved 1048576K
}
Event: 0.978 GC heap after
{Heap after GC invocations=4 (full 0):
 garbage-first heap   total 262144K, used 6941K [0x0000000700800000, 0x0000000800000000)
  region size 1024K, 3 young (3072K), 3 survivors (3072K)
 Metaspace       used 24848K, capacity 25497K, committed 25600K, reserved 1071104K
  class space    used 2807K, capacity 3046K, committed 3072K, reserved 1048576K
}

