# JRE version: OpenJDK Runtime Environment AdoptOpenJDK (11.0.8+10) (build 11.0.8+10)
# Java VM: OpenJDK 64-Bit Server VM AdoptOpenJDK (11.0.8+10, mixed mode, tiered, compressed oops, g1 gc, windows-amd64)
Heap:
 garbage-first heap   total 262144K, used 41361K [0x0000000700800000, 0x0000000800000000)
  region size 1024K, 37 young (37888K), 3 survivors (3072K)
 Metaspace       used 32416K, capacity 33342K, committed 33536K, reserved 1079296K
  class space    used 3714K, capacity 4078K, committed 4096K, reserved 1048576K
GC Heap History (6 events):
Event: 0.656 GC heap before
{Heap before GC invocations=0 (full 0):
 garbage-first heap   total 262144K, used 23552K [0x0000000700800000, 0x0000000800000000)
  region size 1024K, 24 young (24576K), 0 survivors (0K)
 Metaspace       used 14618K, capacity 14929K, committed 14976K, reserved 1062912K
  class space    used 1487K, capacity 1628K, committed 1664K, reserved 1048576K
}
Event: 0.659 GC heap after
{Heap after GC invocations=1 (full 0):
 garbage-first heap   total 262144K, used 4412K [0x0000000700800000, 0x0000000800000000)
  region size 1024K, 3 young (3072K), 3 survivors (3072K)
 Metaspace       used 14618K, capacity 14929K, committed 14976K, reserved 1062912K
  class space    used 1487K, capacity 1628K, committed 1664K, reserved 1048576K
}
Event: 0.895 GC heap before
{Heap before GC invocations=1 (full 0):
 garbage-first heap   total 262144K, used 28988K [0x0000000700800000, 0x0000000800000000)
  region size 1024K, 28 young (28672K), 3 survivors (3072K)
 Metaspace       used 20678K, capacity 21127K, committed 21248K, reserved 1069056K
  class space    used 2247K, capacity 2467K, committed 2560K, reserved 1048576K
}
Event: 0.899 GC heap after
{Heap after GC invocations=2 (full 0):
 garbage-first heap   total 262144K, used 5799K [0x0000000700800000, 0x0000000800000000)
  region size 1024K, 5 young (5120K), 5 survivors (5120K)
 Metaspace       used 20678K, capacity 21127K, committed 21248K, reserved 1069056K
  class space    used 2247K, capacity 2467K, committed 2560K, reserved 1048576K
}
Event: 1.265 GC heap before
{Heap before GC invocations=3 (full 0):
 garbage-first heap   total 262144K, used 37543K [0x0000000700800000, 0x0000000800000000)
  region size 1024K, 36 young (36864K), 5 survivors (5120K)
 Metaspace       used 25485K, capacity 26240K, committed 26496K, reserved 1073152K
  class space    used 2869K, capacity 3165K, committed 3200K, reserved 1048576K
}
Event: 1.269 GC heap after
{Heap after GC invocations=4 (full 0):
 garbage-first heap   total 262144K, used 7569K [0x0000000700800000, 0x0000000800000000)
  region size 1024K, 3 young (3072K), 3 survivors (3072K)
 Metaspace       used 25485K, capacity 26240K, committed 26496K, reserved 1073152K
  class space    used 2869K, capacity 3165K, committed 3200K, reserved 1048576K
}

