# JRE version: OpenJDK Runtime Environment AdoptOpenJDK (11.0.8+10) (build 11.0.8+10)
# Java VM: OpenJDK 64-Bit Server VM AdoptOpenJDK (11.0.8+10, mixed mode, tiered, compressed oops, g1 gc, windows-amd64)
Heap:
 garbage-first heap   total 262144K, used 39181K [0x0000000700800000, 0x0000000800000000)
  region size 1024K, 35 young (35840K), 3 survivors (3072K)
 Metaspace       used 32382K, capacity 33341K, committed 33536K, reserved 1079296K
  class space    used 3709K, capacity 4078K, committed 4096K, reserved 1048576K
GC Heap History (6 events):
Event: 0.487 GC heap before
{Heap before GC invocations=0 (full 0):
 garbage-first heap   total 262144K, used 23552K [0x0000000700800000, 0x0000000800000000)
  region size 1024K, 24 young (24576K), 0 survivors (0K)
 Metaspace       used 14614K, capacity 14940K, committed 14976K, reserved 1062912K
  class space    used 1490K, capacity 1632K, committed 1664K, reserved 1048576K
}
Event: 0.491 GC heap after
{Heap after GC invocations=1 (full 0):
 garbage-first heap   total 262144K, used 4417K [0x0000000700800000, 0x0000000800000000)
  region size 1024K, 3 young (3072K), 3 survivors (3072K)
 Metaspace       used 14614K, capacity 14940K, committed 14976K, reserved 1062912K
  class space    used 1490K, capacity 1632K, committed 1664K, reserved 1048576K
}
Event: 0.716 GC heap before
{Heap before GC invocations=1 (full 0):
 garbage-first heap   total 262144K, used 27969K [0x0000000700800000, 0x0000000800000000)
  region size 1024K, 27 young (27648K), 3 survivors (3072K)
 Metaspace       used 20666K, capacity 21128K, committed 21248K, reserved 1069056K
  class space    used 2247K, capacity 2467K, committed 2560K, reserved 1048576K
}
Event: 0.720 GC heap after
{Heap after GC invocations=2 (full 0):
 garbage-first heap   total 262144K, used 5758K [0x0000000700800000, 0x0000000800000000)
  region size 1024K, 5 young (5120K), 5 survivors (5120K)
 Metaspace       used 20666K, capacity 21128K, committed 21248K, reserved 1069056K
  class space    used 2247K, capacity 2467K, committed 2560K, reserved 1048576K
}
Event: 1.071 GC heap before
{Heap before GC invocations=3 (full 0):
 garbage-first heap   total 262144K, used 39550K [0x0000000700800000, 0x0000000800000000)
  region size 1024K, 38 young (38912K), 5 survivors (5120K)
 Metaspace       used 25782K, capacity 26451K, committed 26496K, reserved 1073152K
  class space    used 2913K, capacity 3169K, committed 3200K, reserved 1048576K
}
Event: 1.075 GC heap after
{Heap after GC invocations=4 (full 0):
 garbage-first heap   total 262144K, used 7437K [0x0000000700800000, 0x0000000800000000)
  region size 1024K, 3 young (3072K), 3 survivors (3072K)
 Metaspace       used 25782K, capacity 26451K, committed 26496K, reserved 1073152K
  class space    used 2913K, capacity 3169K, committed 3200K, reserved 1048576K
}

