# JRE version: OpenJDK Runtime Environment AdoptOpenJDK (11.0.8+10) (build 11.0.8+10)
# Java VM: OpenJDK 64-Bit Server VM AdoptOpenJDK (11.0.8+10, mixed mode, tiered, compressed oops, g1 gc, windows-amd64)
Heap:
 garbage-first heap   total 262144K, used 45240K [0x0000000700800000, 0x0000000800000000)
  region size 1024K, 41 young (41984K), 3 survivors (3072K)
 Metaspace       used 32436K, capacity 33341K, committed 33536K, reserved 1079296K
  class space    used 3714K, capacity 4078K, committed 4096K, reserved 1048576K
GC Heap History (6 events):
Event: 0.530 GC heap before
{Heap before GC invocations=0 (full 0):
 garbage-first heap   total 262144K, used 23552K [0x0000000700800000, 0x0000000800000000)
  region size 1024K, 24 young (24576K), 0 survivors (0K)
 Metaspace       used 14602K, capacity 14873K, committed 14976K, reserved 1062912K
  class space    used 1491K, capacity 1631K, committed 1664K, reserved 1048576K
}
Event: 0.534 GC heap after
{Heap after GC invocations=1 (full 0):
 garbage-first heap   total 262144K, used 4394K [0x0000000700800000, 0x0000000800000000)
  region size 1024K, 3 young (3072K), 3 survivors (3072K)
 Metaspace       used 14602K, capacity 14873K, committed 14976K, reserved 1062912K
  class space    used 1491K, capacity 1631K, committed 1664K, reserved 1048576K
}
Event: 0.763 GC heap before
{Heap before GC invocations=1 (full 0):
 garbage-first heap   total 262144K, used 27946K [0x0000000700800000, 0x0000000800000000)
  region size 1024K, 27 young (27648K), 3 survivors (3072K)
 Metaspace       used 20619K, capacity 21094K, committed 21248K, reserved 1069056K
  class space    used 2235K, capacity 2434K, committed 2560K, reserved 1048576K
}
Event: 0.767 GC heap after
{Heap after GC invocations=2 (full 0):
 garbage-first heap   total 262144K, used 5817K [0x0000000700800000, 0x0000000800000000)
  region size 1024K, 5 young (5120K), 5 survivors (5120K)
 Metaspace       used 20619K, capacity 21094K, committed 21248K, reserved 1069056K
  class space    used 2235K, capacity 2434K, committed 2560K, reserved 1048576K
}
Event: 1.017 GC heap before
{Heap before GC invocations=3 (full 0):
 garbage-first heap   total 262144K, used 33465K [0x0000000700800000, 0x0000000800000000)
  region size 1024K, 32 young (32768K), 5 survivors (5120K)
 Metaspace       used 24597K, capacity 25266K, committed 25344K, reserved 1071104K
  class space    used 2775K, capacity 3036K, committed 3072K, reserved 1048576K
}
Event: 1.022 GC heap after
{Heap after GC invocations=4 (full 0):
 garbage-first heap   total 262144K, used 7352K [0x0000000700800000, 0x0000000800000000)
  region size 1024K, 3 young (3072K), 3 survivors (3072K)
 Metaspace       used 24597K, capacity 25266K, committed 25344K, reserved 1071104K
  class space    used 2775K, capacity 3036K, committed 3072K, reserved 1048576K
}

